<?xml version="1.0" encoding="UTF-8"?>
<!-- Generated by org.testng.reporters.JUnitXMLReporter -->
<testsuite ignored="0" hostname="Lauras-MacBook-Pro.local" failures="1" tests="4" name="Test" time="20.651" errors="0" timestamp="25 Mar 2024 08:25:00 GMT">
  <testcase classname="newautomation.march2024.APITestAfterRefactor" name="configAPI" time="6.227">
    <failure type="java.lang.AssertionError" message="expected:&amp;lt;404&amp;gt; but was:&amp;lt;200&amp;gt;">
      <![CDATA[java.lang.AssertionError: expected:<404> but was:<200>
at newautomation.march2024.APITestAfterRefactor.configAPI(APITestAfterRefactor.java:30)
... Removed 30 stack frames]]>
    </failure>
  </testcase> <!-- configAPI -->
  <testcase classname="newautomation.march2024.APITestAfterRefactor" name="dashboardAPI" time="1.089"/>
  <testcase classname="newautomation.march2024.APITestAfterRefactor" name="fakerTest" time="0.148"/>
  <testcase classname="newautomation.march2024.APITestAfterRefactor" name="userAPI" time="6.019"/>
</testsuite> <!-- Test -->
