<?xml version="1.0" encoding="UTF-8"?>
<testng-results ignored="0" total="4" passed="3" failed="1" skipped="0">
  <reporter-output>
  </reporter-output>
  <suite started-at="2024-03-25T08:38:30Z" name="Suite" finished-at="2024-03-25T08:38:50Z" duration-ms="20519">
    <groups>
    </groups>
    <test started-at="2024-03-25T08:38:30Z" name="Test" finished-at="2024-03-25T08:38:50Z" duration-ms="20519">
      <class name="newautomation.march2024.APITestAfterRefactor">
        <test-method is-config="true" signature="login()[pri:0, instance:newautomation.march2024.APITestAfterRefactor@6a9b0a6f]" started-at="2024-03-25T08:38:30Z" name="login" finished-at="2024-03-25T08:38:33Z" duration-ms="3302" status="PASS">
          <reporter-output>
          </reporter-output>
        </test-method> <!-- login -->
        <test-method signature="configAPI()[pri:0, instance:newautomation.march2024.APITestAfterRefactor@6a9b0a6f]" started-at="2024-03-25T08:38:33Z" name="configAPI" finished-at="2024-03-25T08:38:39Z" duration-ms="6088" status="FAIL">
          <exception class="java.lang.AssertionError">
            <message>
              <![CDATA[expected:<404> but was:<200>]]>
            </message>
            <full-stacktrace>
              <![CDATA[java.lang.AssertionError: expected:<404> but was:<200>
at org.testng.AssertJUnit.fail(AssertJUnit.java:59)
at org.testng.AssertJUnit.failNotEquals(AssertJUnit.java:364)
at org.testng.AssertJUnit.assertEquals(AssertJUnit.java:80)
at org.testng.AssertJUnit.assertEquals(AssertJUnit.java:245)
at org.testng.AssertJUnit.assertEquals(AssertJUnit.java:252)
at newautomation.march2024.APITestAfterRefactor.configAPI(APITestAfterRefactor.java:30)
at java.base/jdk.internal.reflect.NativeMethodAccessorImpl.invoke0(Native Method)
at java.base/jdk.internal.reflect.NativeMethodAccessorImpl.invoke(NativeMethodAccessorImpl.java:77)
at java.base/jdk.internal.reflect.DelegatingMethodAccessorImpl.invoke(DelegatingMethodAccessorImpl.java:43)
at java.base/java.lang.reflect.Method.invoke(Method.java:568)
at org.testng.internal.MethodInvocationHelper.invokeMethod(MethodInvocationHelper.java:124)
at org.testng.internal.Invoker.invokeMethod(Invoker.java:583)
at org.testng.internal.Invoker.invokeTestMethod(Invoker.java:719)
at org.testng.internal.Invoker.invokeTestMethods(Invoker.java:989)
at org.testng.internal.TestMethodWorker.invokeTestMethods(TestMethodWorker.java:125)
at org.testng.internal.TestMethodWorker.run(TestMethodWorker.java:109)
at org.testng.TestRunner.privateRun(TestRunner.java:648)
at org.testng.TestRunner.run(TestRunner.java:505)
at org.testng.SuiteRunner.runTest(SuiteRunner.java:455)
at org.testng.SuiteRunner.runSequentially(SuiteRunner.java:450)
at org.testng.SuiteRunner.privateRun(SuiteRunner.java:415)
at org.testng.SuiteRunner.run(SuiteRunner.java:364)
at org.testng.SuiteRunnerWorker.runSuite(SuiteRunnerWorker.java:52)
at org.testng.SuiteRunnerWorker.run(SuiteRunnerWorker.java:84)
at org.testng.TestNG.runSuitesSequentially(TestNG.java:1208)
at org.testng.TestNG.runSuitesLocally(TestNG.java:1137)
at org.testng.TestNG.runSuites(TestNG.java:1049)
at org.testng.TestNG.run(TestNG.java:1017)
at org.apache.maven.surefire.testng.TestNGExecutor.run(TestNGExecutor.java:281)
at org.apache.maven.surefire.testng.TestNGXmlTestSuite.execute(TestNGXmlTestSuite.java:75)
at org.apache.maven.surefire.testng.TestNGProvider.invoke(TestNGProvider.java:121)
at org.apache.maven.surefire.booter.ForkedBooter.invokeProviderInSameClassLoader(ForkedBooter.java:290)
at org.apache.maven.surefire.booter.ForkedBooter.runSuitesInProcess(ForkedBooter.java:242)
at org.apache.maven.surefire.booter.ForkedBooter.main(ForkedBooter.java:121)
]]>
            </full-stacktrace>
          </exception> <!-- java.lang.AssertionError -->
          <reporter-output>
          </reporter-output>
        </test-method> <!-- configAPI -->
        <test-method is-config="true" signature="login()[pri:0, instance:newautomation.march2024.APITestAfterRefactor@6a9b0a6f]" started-at="2024-03-25T08:38:39Z" name="login" finished-at="2024-03-25T08:38:40Z" duration-ms="1103" status="PASS">
          <reporter-output>
          </reporter-output>
        </test-method> <!-- login -->
        <test-method signature="dashboardAPI()[pri:0, instance:newautomation.march2024.APITestAfterRefactor@6a9b0a6f]" started-at="2024-03-25T08:38:40Z" name="dashboardAPI" finished-at="2024-03-25T08:38:42Z" duration-ms="1147" status="PASS">
          <reporter-output>
          </reporter-output>
        </test-method> <!-- dashboardAPI -->
        <test-method is-config="true" signature="login()[pri:0, instance:newautomation.march2024.APITestAfterRefactor@6a9b0a6f]" started-at="2024-03-25T08:38:42Z" name="login" finished-at="2024-03-25T08:38:43Z" duration-ms="1403" status="PASS">
          <reporter-output>
          </reporter-output>
        </test-method> <!-- login -->
        <test-method signature="fakerTest()[pri:0, instance:newautomation.march2024.APITestAfterRefactor@6a9b0a6f]" started-at="2024-03-25T08:38:43Z" name="fakerTest" finished-at="2024-03-25T08:38:43Z" duration-ms="109" status="PASS">
          <reporter-output>
          </reporter-output>
        </test-method> <!-- fakerTest -->
        <test-method is-config="true" signature="login()[pri:0, instance:newautomation.march2024.APITestAfterRefactor@6a9b0a6f]" started-at="2024-03-25T08:38:43Z" name="login" finished-at="2024-03-25T08:38:44Z" duration-ms="1222" status="PASS">
          <reporter-output>
          </reporter-output>
        </test-method> <!-- login -->
        <test-method signature="userAPI()[pri:0, instance:newautomation.march2024.APITestAfterRefactor@6a9b0a6f]" started-at="2024-03-25T08:38:44Z" name="userAPI" finished-at="2024-03-25T08:38:50Z" duration-ms="6041" status="PASS">
          <reporter-output>
          </reporter-output>
        </test-method> <!-- userAPI -->
      </class> <!-- newautomation.march2024.APITestAfterRefactor -->
    </test> <!-- Test -->
  </suite> <!-- Suite -->
</testng-results>
