-------------------------------------------------------------------------------
Test set: TestSuite
-------------------------------------------------------------------------------
Tests run: 4, Failures: 1, Errors: 0, Skipped: 0, Time elapsed: 21.862 sec <<< FAILURE! - in TestSuite
configAPI(newautomation.march2024.APITestAfterRefactor)  Time elapsed: 1.008 sec  <<< FAILURE!
java.lang.AssertionError: expected:<404> but was:<200>
	at newautomation.march2024.APITestAfterRefactor.configAPI(APITestAfterRefactor.java:30)

